<?xml version="1.0" encoding="UTF-8"?>
<!-- Generated by org.testng.reporters.JUnitReportReporter -->
<testsuite name="Mobile_Calculator.Calculator" tests="1" time="6.363" ignored="0" failures="0" timestamp="11 Jan 2021 22:51:55 GMT" skipped="0" hostname="DESKTOP-69EDN3D" errors="0">
  <testcase name="sum" time="6.363" classname="Mobile_Calculator.Calculator"/>
</testsuite> <!-- Mobile_Calculator.Calculator -->
